#
# There is insufficient memory for the Java Runtime Environment to continue.
# Native memory allocation (mmap) failed to map 201326592 bytes for Failed to commit area from 0x0000000741600000 to 0x000000074d600000 of length 201326592.
# Possible reasons:
#   The system is out of physical RAM or swap space
#   The process is running with CompressedOops enabled, and the Java Heap may be blocking the growth of the native heap
# Possible solutions:
#   Reduce memory load on the system
#   Increase physical memory or swap space
#   Check if swap backing store is full
#   Decrease Java heap size (-Xmx/-Xms)
#   Decrease number of Java threads
#   Decrease Java thread stack sizes (-Xss)
#   Set larger code cache with -XX:ReservedCodeCacheSize=
# This output file may be truncated or incomplete.
#
#  Out of Memory Error (./src/hotspot/os/windows/os_windows.cpp:3301), pid=5884, tid=10492
#
# JRE version:  (11.0.10) (build )
# Java VM: OpenJDK 64-Bit Server VM (11.0.10+0-b96-7249189, mixed mode, sharing, tiered, compressed oops, g1 gc, windows-amd64)
# No core dump will be written. Minidumps are not enabled by default on client versions of Windows
#

---------------  S U M M A R Y ------------

Command Line: 

Host: Intel(R) Core(TM) i5-3210M CPU @ 2.50GHz, 4 cores, 11G,  Windows 10 , 64 bit Build 19041 (10.0.19041.1889)
Time: Sat Oct 29 00:45:35 2022 Pakistan Standard Time elapsed time: 0.023539 seconds (0d 0h 0m 0s)

---------------  T H R E A D  ---------------

Current thread (0x000001f8830fe800):  JavaThread "Unknown thread" [_thread_in_vm, id=10492, stack(0x0000009575a00000,0x0000009575b00000)]

Stack: [0x0000009575a00000,0x0000009575b00000]
Native frames: (J=compiled Java code, j=interpreted, Vv=VM code, C=native code)
V  [jvm.dll+0x5ecfaa]
V  [jvm.dll+0x722bd5]
V  [jvm.dll+0x72412d]
V  [jvm.dll+0x7247e3]
V  [jvm.dll+0x242928]
V  [jvm.dll+0x5ea374]
V  [jvm.dll+0x5df425]
V  [jvm.dll+0x2fdebb]
V  [jvm.dll+0x2fde2a]
V  [jvm.dll+0x2fdd02]
V  [jvm.dll+0x302bf6]
V  [jvm.dll+0x34b2a3]
V  [jvm.dll+0x34b9a6]
V  [jvm.dll+0x34b3a3]
V  [jvm.dll+0x2d8888]
V  [jvm.dll+0x2d9a37]
V  [jvm.dll+0x701737]
V  [jvm.dll+0x702f2c]
V  [jvm.dll+0x3587d9]
V  [jvm.dll+0x6e4fae]
V  [jvm.dll+0x3c0be3]
V  [jvm.dll+0x3c2e91]
C  [jli.dll+0x5373]
C  [ucrtbase.dll+0x21bb2]
C  [KERNEL32.DLL+0x17034]
C  [ntdll.dll+0x526a1]


---------------  P R O C E S S  ---------------

Threads class SMR info:
_java_thread_list=0x000001f881060a40, length=0, elements={
}

Java Threads: ( => current thread )

Other Threads:
  0x000001f883111800 GCTaskThread "GC Thread#0" [stack: 0x0000009575b00000,0x0000009575c00000] [id=20036]
  0x000001f883157800 ConcurrentGCThread "G1 Main Marker" [stack: 0x0000009575c00000,0x0000009575d00000] [id=4308]
  0x000001f883159800 ConcurrentGCThread "G1 Conc#0" [stack: 0x0000009575d00000,0x0000009575e00000] [id=8816]

[error occurred during error reporting (printing all threads), id 0xc0000005, EXCEPTION_ACCESS_VIOLATION (0xc0000005) at pc=0x00007ffbbbf69107]

VM state:not at safepoint (not fully initialized)

VM Mutex/Monitor currently owned by a thread:  ([mutex/lock_event])
[0x000001f8830f9d40] Heap_lock - owner thread: 0x000001f8830fe800

Heap address: 0x0000000741600000, size: 3050 MB, Compressed Oops mode: Non-zero based: 0x0000000741600000
Narrow klass base: 0x0000000000000000, Narrow klass shift: 0

GC Heap History (0 events):
No events

Deoptimization events (0 events):
No events

Classes redefined (0 events):
No events

Internal exceptions (0 events):
No events

Events (1 events):
Event: 0.015 Loaded shared library C:\Program Files\Android\Android Studio\jre\bin\zip.dll


Dynamic libraries:
0x00007ff6703f0000 - 0x00007ff6703fa000 	C:\Program Files\Android\Android Studio\jre\bin\java.EXE
0x00007ffc3f2d0000 - 0x00007ffc3f4c8000 	C:\Windows\SYSTEM32\ntdll.dll
0x00007ffc3e970000 - 0x00007ffc3ea2d000 	C:\Windows\System32\KERNEL32.DLL
0x00007ffc3c9e0000 - 0x00007ffc3ccb2000 	C:\Windows\System32\KERNELBASE.dll
0x00007ffc3d0a0000 - 0x00007ffc3d1a0000 	C:\Windows\System32\ucrtbase.dll
0x00007ffc095a0000 - 0x00007ffc095b9000 	C:\Program Files\Android\Android Studio\jre\bin\jli.dll
0x00007ffc3e680000 - 0x00007ffc3e81d000 	C:\Windows\System32\USER32.dll
0x00007ffc3d300000 - 0x00007ffc3d322000 	C:\Windows\System32\win32u.dll
0x00007ffc3dcf0000 - 0x00007ffc3dd1b000 	C:\Windows\System32\GDI32.dll
0x00007ffc3cf90000 - 0x00007ffc3d09f000 	C:\Windows\System32\gdi32full.dll
0x00007ffc3d210000 - 0x00007ffc3d2ad000 	C:\Windows\System32\msvcp_win.dll
0x00007ffc08f20000 - 0x00007ffc08f37000 	C:\Program Files\Android\Android Studio\jre\bin\VCRUNTIME140.dll
0x00007ffc158c0000 - 0x00007ffc15b5a000 	C:\Windows\WinSxS\amd64_microsoft.windows.common-controls_6595b64144ccf1df_6.0.19041.1110_none_60b5254171f9507e\COMCTL32.dll
0x00007ffc3e820000 - 0x00007ffc3e8be000 	C:\Windows\System32\msvcrt.dll
0x00007ffc3d4e0000 - 0x00007ffc3d510000 	C:\Windows\System32\IMM32.DLL
0x00007ffbcf400000 - 0x00007ffbcf49d000 	C:\Program Files\Android\Android Studio\jre\bin\msvcp140.dll
0x00007ffbbbc80000 - 0x00007ffbbc74f000 	C:\Program Files\Android\Android Studio\jre\bin\server\jvm.dll
0x00007ffc3e8c0000 - 0x00007ffc3e96e000 	C:\Windows\System32\ADVAPI32.dll
0x00007ffc3e4d0000 - 0x00007ffc3e56c000 	C:\Windows\System32\sechost.dll
0x00007ffc3d510000 - 0x00007ffc3d635000 	C:\Windows\System32\RPCRT4.dll
0x00007ffc3d750000 - 0x00007ffc3d758000 	C:\Windows\System32\PSAPI.DLL
0x00007ffc2dde0000 - 0x00007ffc2dde9000 	C:\Windows\SYSTEM32\WSOCK32.dll
0x00007ffc3e460000 - 0x00007ffc3e4cb000 	C:\Windows\System32\WS2_32.dll
0x00007ffc172f0000 - 0x00007ffc17317000 	C:\Windows\SYSTEM32\WINMM.dll
0x00007ffc302a0000 - 0x00007ffc302aa000 	C:\Windows\SYSTEM32\VERSION.dll
0x00007ffc3b210000 - 0x00007ffc3b222000 	C:\Windows\SYSTEM32\kernel.appcore.dll
0x00007ffc08b90000 - 0x00007ffc08ba1000 	C:\Program Files\Android\Android Studio\jre\bin\verify.dll
0x00007ffc2f150000 - 0x00007ffc2f334000 	C:\Windows\SYSTEM32\DBGHELP.DLL
0x00007ffc2bd80000 - 0x00007ffc2bdac000 	C:\Windows\SYSTEM32\dbgcore.DLL
0x00007ffc3ce50000 - 0x00007ffc3ced2000 	C:\Windows\System32\bcryptPrimitives.dll
0x00007ffc08b60000 - 0x00007ffc08b89000 	C:\Program Files\Android\Android Studio\jre\bin\java.dll
0x00007ffc13730000 - 0x00007ffc1373b000 	C:\Program Files\Android\Android Studio\jre\bin\jimage.dll
0x00007ffc088d0000 - 0x00007ffc088e8000 	C:\Program Files\Android\Android Studio\jre\bin\zip.dll

dbghelp: loaded successfully - version: 4.0.5 - missing functions: none
symbol engine: initialized successfully - sym options: 0x614 - pdb path: .;C:\Program Files\Android\Android Studio\jre\bin;C:\Windows\SYSTEM32;C:\Windows\WinSxS\amd64_microsoft.windows.common-controls_6595b64144ccf1df_6.0.19041.1110_none_60b5254171f9507e;C:\Program Files\Android\Android Studio\jre\bin\server

VM Arguments:
java_command: <unknown>
java_class_path (initial): <not set>
Launcher Type: SUN_STANDARD

[Global flags]
     intx CICompilerCount                          = 3                                         {product} {ergonomic}
     uint ConcGCThreads                            = 1                                         {product} {ergonomic}
     uint G1ConcRefinementThreads                  = 4                                         {product} {ergonomic}
   size_t G1HeapRegionSize                         = 1048576                                   {product} {ergonomic}
    uintx GCDrainStackTargetSize                   = 64                                        {product} {ergonomic}
   size_t InitialHeapSize                          = 201326592                                 {product} {ergonomic}
   size_t MarkStackSize                            = 4194304                                   {product} {ergonomic}
   size_t MaxHeapSize                              = 3198156800                                {product} {ergonomic}
   size_t MinHeapDeltaBytes                        = 1048576                                   {product} {ergonomic}
    uintx NonNMethodCodeHeapSize                   = 5830732                                {pd product} {ergonomic}
    uintx NonProfiledCodeHeapSize                  = 122913754                              {pd product} {ergonomic}
    uintx ProfiledCodeHeapSize                     = 122913754                              {pd product} {ergonomic}
    uintx ReservedCodeCacheSize                    = 251658240                              {pd product} {ergonomic}
     bool SegmentedCodeCache                       = true                                      {product} {ergonomic}
     bool UseCompressedClassPointers               = true                                 {lp64_product} {ergonomic}
     bool UseCompressedOops                        = true                                 {lp64_product} {ergonomic}
     bool UseG1GC                                  = true                                      {product} {ergonomic}
     bool UseLargePagesIndividualAllocation        = false                                  {pd product} {ergonomic}

Logging:
Log output configuration:
 #0: stdout all=warning uptime,level,tags
 #1: stderr all=off uptime,level,tags

Environment Variables:
JAVA_HOME=C:\Program Files\Java\jdk-16.0.1
PATH=C:\Python310\Scripts\;C:\Python310\;C:\Program Files\Common Files\Oracle\Java\javapath;C:\Windows\system32;C:\Windows;C:\Windows\System32\Wbem;C:\Windows\System32\WindowsPowerShell\v1.0\;C:\Windows\System32\OpenSSH\;C:\Program Files\Java\jdk-16.0.1\bin;D:\simulation\runtime\win64;D:\simulation\bin;D:\simulation\polyspace\bin;C:\Program Files\nodejs\;C:\ProgramData\chocolatey\bin;C:\Program Files\Git\cmd;C:\Program Files (x86)\Intel\OpenCL SDK\2.0\bin\x86;C:\Program Files (x86)\Intel\OpenCL SDK\2.0\bin\x64;C:\Users\usama\AppData\Local\Microsoft\WindowsApps;C:\Users\usama\AppData\Local\Programs\Microsoft VS Code\bin;C:\Users\usama\AppData\Roaming\npm;C:\Program Files\Android\Android Studio\bin;C:\flutter 3.1\bin;;C:\flutter 3.1\bin\mingit\cmd
USERNAME=usama
OS=Windows_NT
PROCESSOR_IDENTIFIER=Intel64 Family 6 Model 58 Stepping 9, GenuineIntel



---------------  S Y S T E M  ---------------

OS: Windows 10 , 64 bit Build 19041 (10.0.19041.1889)
OS uptime: 1 days 13:50 hours

CPU:total 4 (initial active 4) (2 cores per cpu, 2 threads per core) family 6 model 58 stepping 9 microcode 0x21, cmov, cx8, fxsr, mmx, sse, sse2, sse3, ssse3, sse4.1, sse4.2, popcnt, avx, aes, clmul, erms, ht, tsc, tscinvbit, tscinv

Memory: 4k page, system-wide physical 12194M (102M free)
TotalPageFile size 30212M (AvailPageFile size 97M)
current process WorkingSet (physical memory assigned to process): 9M, peak: 9M
current process commit charge ("private bytes"): 51M, peak: 243M

vm_info: OpenJDK 64-Bit Server VM (11.0.10+0-b96-7249189) for windows-amd64 JRE (11.0.10+0-b96-7249189), built on Mar 31 2021 21:44:00 by "builder" with MS VC++ 14.0 (VS2015)

END.
